Determining if the pthread_create exist failed with the following output:
Change Dir: /home/pi/Desktop/Remote-Monitoring-System-Based-On-RaspberryPi/httpserver/CMakeFiles/CMakeTmp

Run Build Command:"/usr/bin/make" "cmTC_c652c/fast"
/usr/bin/make -f CMakeFiles/cmTC_c652c.dir/build.make CMakeFiles/cmTC_c652c.dir/build
make[1]: Entering directory '/home/pi/Desktop/Remote-Monitoring-System-Based-On-RaspberryPi/httpserver/CMakeFiles/CMakeTmp'
Building C object CMakeFiles/cmTC_c652c.dir/CheckSymbolExists.c.o
/usr/bin/cc     -o CMakeFiles/cmTC_c652c.dir/CheckSymbolExists.c.o   -c /home/pi/Desktop/Remote-Monitoring-System-Based-On-RaspberryPi/httpserver/CMakeFiles/CMakeTmp/CheckSymbolExists.c
Linking C executable cmTC_c652c
/usr/bin/cmake -E cmake_link_script CMakeFiles/cmTC_c652c.dir/link.txt --verbose=1
/usr/bin/cc       CMakeFiles/cmTC_c652c.dir/CheckSymbolExists.c.o  -o cmTC_c652c -rdynamic 
CMakeFiles/cmTC_c652c.dir/CheckSymbolExists.c.o: In function `main':
CheckSymbolExists.c:(.text+0x38): undefined reference to `pthread_create'
collect2: error: ld returned 1 exit status
CMakeFiles/cmTC_c652c.dir/build.make:97: recipe for target 'cmTC_c652c' failed
make[1]: *** [cmTC_c652c] Error 1
make[1]: Leaving directory '/home/pi/Desktop/Remote-Monitoring-System-Based-On-RaspberryPi/httpserver/CMakeFiles/CMakeTmp'
Makefile:126: recipe for target 'cmTC_c652c/fast' failed
make: *** [cmTC_c652c/fast] Error 2

File /home/pi/Desktop/Remote-Monitoring-System-Based-On-RaspberryPi/httpserver/CMakeFiles/CMakeTmp/CheckSymbolExists.c:
/* */
#include <pthread.h>

int main(int argc, char** argv)
{
  (void)argv;
#ifndef pthread_create
  return ((int*)(&pthread_create))[argc];
#else
  (void)argc;
  return 0;
#endif
}

Determining if the function pthread_create exists in the pthreads failed with the following output:
Change Dir: /home/pi/Desktop/Remote-Monitoring-System-Based-On-RaspberryPi/httpserver/CMakeFiles/CMakeTmp

Run Build Command:"/usr/bin/make" "cmTC_de8ab/fast"
/usr/bin/make -f CMakeFiles/cmTC_de8ab.dir/build.make CMakeFiles/cmTC_de8ab.dir/build
make[1]: Entering directory '/home/pi/Desktop/Remote-Monitoring-System-Based-On-RaspberryPi/httpserver/CMakeFiles/CMakeTmp'
Building C object CMakeFiles/cmTC_de8ab.dir/CheckFunctionExists.c.o
/usr/bin/cc    -DCHECK_FUNCTION_EXISTS=pthread_create   -o CMakeFiles/cmTC_de8ab.dir/CheckFunctionExists.c.o   -c /usr/share/cmake-3.6/Modules/CheckFunctionExists.c
Linking C executable cmTC_de8ab
/usr/bin/cmake -E cmake_link_script CMakeFiles/cmTC_de8ab.dir/link.txt --verbose=1
/usr/bin/cc   -DCHECK_FUNCTION_EXISTS=pthread_create    CMakeFiles/cmTC_de8ab.dir/CheckFunctionExists.c.o  -o cmTC_de8ab -rdynamic -lpthreads 
/usr/bin/ld: cannot find -lpthreads
collect2: error: ld returned 1 exit status
CMakeFiles/cmTC_de8ab.dir/build.make:97: recipe for target 'cmTC_de8ab' failed
make[1]: *** [cmTC_de8ab] Error 1
make[1]: Leaving directory '/home/pi/Desktop/Remote-Monitoring-System-Based-On-RaspberryPi/httpserver/CMakeFiles/CMakeTmp'
Makefile:126: recipe for target 'cmTC_de8ab/fast' failed
make: *** [cmTC_de8ab/fast] Error 2


